{"C:\\Users\\63938\\Desktop\\Angel\\production\\rider-scheduling-system\\mobile-app\\services\\apiService.ts": {"path":"C:\\Users\\63938\\Desktop\\Angel\\production\\rider-scheduling-system\\mobile-app\\services\\apiService.ts","statementMap":{"0":{"start":{"line":4,"column":24},"end":{"line":7,"column":1}},"1":{"start":{"line":5,"column":19},"end":{"line":5,"column":77}},"2":{"start":{"line":6,"column":2},"end":{"line":6,"column":75}},"3":{"start":{"line":9,"column":29},"end":{"line":12,"column":1}},"4":{"start":{"line":10,"column":19},"end":{"line":10,"column":55}},"5":{"start":{"line":11,"column":2},"end":{"line":11,"column":23}},"6":{"start":{"line":14,"column":31},"end":{"line":20,"column":1}},"7":{"start":{"line":15,"column":2},"end":{"line":19,"column":5}},"8":{"start":{"line":22,"column":32},"end":{"line":27,"column":1}},"9":{"start":{"line":23,"column":19},"end":{"line":25,"column":4}},"10":{"start":{"line":26,"column":2},"end":{"line":26,"column":23}},"11":{"start":{"line":29,"column":38},"end":{"line":31,"column":1}},"12":{"start":{"line":30,"column":2},"end":{"line":30,"column":62}},"13":{"start":{"line":33,"column":42},"end":{"line":35,"column":1}},"14":{"start":{"line":34,"column":2},"end":{"line":34,"column":58}},"15":{"start":{"line":37,"column":40},"end":{"line":44,"column":1}},"16":{"start":{"line":43,"column":2},"end":{"line":43,"column":47}}},"fnMap":{"0":{"name":"(anonymous_0)","decl":{"start":{"line":4,"column":24},"end":{"line":4,"column":25}},"loc":{"start":{"line":4,"column":52},"end":{"line":7,"column":1}},"line":4},"1":{"name":"(anonymous_1)","decl":{"start":{"line":9,"column":29},"end":{"line":9,"column":30}},"loc":{"start":{"line":9,"column":65},"end":{"line":12,"column":1}},"line":9},"2":{"name":"(anonymous_2)","decl":{"start":{"line":14,"column":31},"end":{"line":14,"column":32}},"loc":{"start":{"line":14,"column":85},"end":{"line":20,"column":1}},"line":14},"3":{"name":"(anonymous_3)","decl":{"start":{"line":22,"column":32},"end":{"line":22,"column":33}},"loc":{"start":{"line":22,"column":58},"end":{"line":27,"column":1}},"line":22},"4":{"name":"(anonymous_4)","decl":{"start":{"line":29,"column":38},"end":{"line":29,"column":39}},"loc":{"start":{"line":29,"column":72},"end":{"line":31,"column":1}},"line":29},"5":{"name":"(anonymous_5)","decl":{"start":{"line":33,"column":42},"end":{"line":33,"column":43}},"loc":{"start":{"line":33,"column":68},"end":{"line":35,"column":1}},"line":33},"6":{"name":"(anonymous_6)","decl":{"start":{"line":37,"column":40},"end":{"line":37,"column":41}},"loc":{"start":{"line":42,"column":6},"end":{"line":44,"column":1}},"line":42}},"branchMap":{"0":{"loc":{"start":{"line":6,"column":9},"end":{"line":6,"column":74}},"type":"cond-expr","locations":[{"start":{"line":6,"column":40},"end":{"line":6,"column":53}},{"start":{"line":6,"column":56},"end":{"line":6,"column":74}}],"line":6}},"s":{"0":1,"1":2,"2":2,"3":1,"4":0,"5":0,"6":1,"7":1,"8":1,"9":0,"10":0,"11":1,"12":0,"13":1,"14":0,"15":1,"16":0},"f":{"0":2,"1":0,"2":1,"3":0,"4":0,"5":0,"6":0},"b":{"0":[1,1]},"_coverageSchema":"1a1c01bbd47fc00a2c39e90264f33305004495a9","hash":"b8b6831a30f861dbe7abddc1bc50f4142b51e6d5"}
,"C:\\Users\\63938\\Desktop\\Angel\\production\\rider-scheduling-system\\mobile-app\\utils\\dateUtils.ts": {"path":"C:\\Users\\63938\\Desktop\\Angel\\production\\rider-scheduling-system\\mobile-app\\utils\\dateUtils.ts","statementMap":{"0":{"start":{"line":4,"column":30},"end":{"line":19,"column":1}},"1":{"start":{"line":5,"column":2},"end":{"line":5,"column":34}},"2":{"start":{"line":5,"column":16},"end":{"line":5,"column":34}},"3":{"start":{"line":9,"column":2},"end":{"line":12,"column":3}},"4":{"start":{"line":10,"column":17},"end":{"line":10,"column":34}},"5":{"start":{"line":11,"column":4},"end":{"line":11,"column":44}},"6":{"start":{"line":11,"column":32},"end":{"line":11,"column":44}},"7":{"start":{"line":15,"column":23},"end":{"line":15,"column":47}},"8":{"start":{"line":16,"column":29},"end":{"line":16,"column":64}},"9":{"start":{"line":18,"column":2},"end":{"line":18,"column":40}},"10":{"start":{"line":24,"column":31},"end":{"line":45,"column":1}},"11":{"start":{"line":27,"column":2},"end":{"line":29,"column":3}},"12":{"start":{"line":28,"column":4},"end":{"line":28,"column":13}},"13":{"start":{"line":34,"column":15},"end":{"line":34,"column":54}},"14":{"start":{"line":36,"column":2},"end":{"line":38,"column":3}},"15":{"start":{"line":37,"column":4},"end":{"line":37,"column":59}},"16":{"start":{"line":41,"column":12},"end":{"line":41,"column":30}},"17":{"start":{"line":42,"column":12},"end":{"line":42,"column":56}},"18":{"start":{"line":43,"column":14},"end":{"line":43,"column":53}},"19":{"start":{"line":44,"column":2},"end":{"line":44,"column":28}},"20":{"start":{"line":50,"column":33},"end":{"line":62,"column":1}},"21":{"start":{"line":51,"column":2},"end":{"line":51,"column":26}},"22":{"start":{"line":51,"column":16},"end":{"line":51,"column":26}},"23":{"start":{"line":52,"column":2},"end":{"line":61,"column":3}},"24":{"start":{"line":53,"column":17},"end":{"line":53,"column":40}},"25":{"start":{"line":54,"column":4},"end":{"line":58,"column":7}},"26":{"start":{"line":60,"column":4},"end":{"line":60,"column":19}}},"fnMap":{"0":{"name":"(anonymous_0)","decl":{"start":{"line":4,"column":30},"end":{"line":4,"column":31}},"loc":{"start":{"line":4,"column":57},"end":{"line":19,"column":1}},"line":4},"1":{"name":"(anonymous_1)","decl":{"start":{"line":24,"column":31},"end":{"line":24,"column":32}},"loc":{"start":{"line":24,"column":74},"end":{"line":45,"column":1}},"line":24},"2":{"name":"(anonymous_2)","decl":{"start":{"line":50,"column":33},"end":{"line":50,"column":34}},"loc":{"start":{"line":50,"column":62},"end":{"line":62,"column":1}},"line":50}},"branchMap":{"0":{"loc":{"start":{"line":5,"column":2},"end":{"line":5,"column":34}},"type":"if","locations":[{"start":{"line":5,"column":2},"end":{"line":5,"column":34}},{"start":{},"end":{}}],"line":5},"1":{"loc":{"start":{"line":9,"column":2},"end":{"line":12,"column":3}},"type":"if","locations":[{"start":{"line":9,"column":2},"end":{"line":12,"column":3}},{"start":{},"end":{}}],"line":9},"2":{"loc":{"start":{"line":11,"column":4},"end":{"line":11,"column":44}},"type":"if","locations":[{"start":{"line":11,"column":4},"end":{"line":11,"column":44}},{"start":{},"end":{}}],"line":11},"3":{"loc":{"start":{"line":24,"column":32},"end":{"line":24,"column":61}},"type":"default-arg","locations":[{"start":{"line":24,"column":51},"end":{"line":24,"column":61}}],"line":24},"4":{"loc":{"start":{"line":27,"column":2},"end":{"line":29,"column":3}},"type":"if","locations":[{"start":{"line":27,"column":2},"end":{"line":29,"column":3}},{"start":{},"end":{}}],"line":27},"5":{"loc":{"start":{"line":27,"column":6},"end":{"line":27,"column":79}},"type":"binary-expr","locations":[{"start":{"line":27,"column":6},"end":{"line":27,"column":27}},{"start":{"line":27,"column":31},"end":{"line":27,"column":46}},{"start":{"line":27,"column":50},"end":{"line":27,"column":79}}],"line":27},"6":{"loc":{"start":{"line":34,"column":15},"end":{"line":34,"column":54}},"type":"cond-expr","locations":[{"start":{"line":34,"column":39},"end":{"line":34,"column":50}},{"start":{"line":34,"column":53},"end":{"line":34,"column":54}}],"line":34},"7":{"loc":{"start":{"line":36,"column":2},"end":{"line":38,"column":3}},"type":"if","locations":[{"start":{"line":36,"column":2},"end":{"line":38,"column":3}},{"start":{},"end":{}}],"line":36},"8":{"loc":{"start":{"line":37,"column":11},"end":{"line":37,"column":58}},"type":"cond-expr","locations":[{"start":{"line":37,"column":35},"end":{"line":37,"column":53}},{"start":{"line":37,"column":56},"end":{"line":37,"column":58}}],"line":37},"9":{"loc":{"start":{"line":51,"column":2},"end":{"line":51,"column":26}},"type":"if","locations":[{"start":{"line":51,"column":2},"end":{"line":51,"column":26}},{"start":{},"end":{}}],"line":51}},"s":{"0":1,"1":3,"2":0,"3":3,"4":1,"5":1,"6":1,"7":2,"8":2,"9":2,"10":1,"11":2,"12":1,"13":1,"14":1,"15":0,"16":1,"17":1,"18":1,"19":1,"20":1,"21":1,"22":0,"23":1,"24":1,"25":1,"26":0},"f":{"0":3,"1":2,"2":1},"b":{"0":[0,3],"1":[1,2],"2":[1,0],"3":[0],"4":[1,1],"5":[2,1,1],"6":[0,1],"7":[0,1],"8":[0,0],"9":[0,1]},"_coverageSchema":"1a1c01bbd47fc00a2c39e90264f33305004495a9","hash":"d9b939a9d107ba0a731f956ea16ce224ebb64e52"}
}
