TN:
SF:services\apiService.ts
FN:4,(anonymous_0)
FN:9,(anonymous_1)
FN:14,(anonymous_2)
FN:22,(anonymous_3)
FN:29,(anonymous_4)
FN:33,(anonymous_5)
FN:37,(anonymous_6)
FNF:7
FNH:2
FNDA:2,(anonymous_0)
FNDA:0,(anonymous_1)
FNDA:1,(anonymous_2)
FNDA:0,(anonymous_3)
FNDA:0,(anonymous_4)
FNDA:0,(anonymous_5)
FNDA:0,(anonymous_6)
DA:4,1
DA:5,2
DA:6,2
DA:9,1
DA:10,0
DA:11,0
DA:14,1
DA:15,1
DA:22,1
DA:23,0
DA:26,0
DA:29,1
DA:30,0
DA:33,1
DA:34,0
DA:37,1
DA:43,0
LF:17
LH:10
BRDA:6,0,0,1
BRDA:6,0,1,1
BRF:2
BRH:2
end_of_record
TN:
SF:utils\dateUtils.ts
FN:4,(anonymous_0)
FN:24,(anonymous_1)
FN:50,(anonymous_2)
FNF:3
FNH:3
FNDA:3,(anonymous_0)
FNDA:2,(anonymous_1)
FNDA:1,(anonymous_2)
DA:4,1
DA:5,3
DA:9,3
DA:10,1
DA:11,1
DA:15,2
DA:16,2
DA:18,2
DA:24,1
DA:27,2
DA:28,1
DA:34,1
DA:36,1
DA:37,0
DA:41,1
DA:42,1
DA:43,1
DA:44,1
DA:50,1
DA:51,1
DA:52,1
DA:53,1
DA:54,1
DA:60,0
LF:24
LH:22
BRDA:5,0,0,0
BRDA:5,0,1,3
BRDA:9,1,0,1
BRDA:9,1,1,2
BRDA:11,2,0,1
BRDA:11,2,1,0
BRDA:24,3,0,0
BRDA:27,4,0,1
BRDA:27,4,1,1
BRDA:27,5,0,2
BRDA:27,5,1,1
BRDA:27,5,2,1
BRDA:34,6,0,0
BRDA:34,6,1,1
BRDA:36,7,0,0
BRDA:36,7,1,1
BRDA:37,8,0,0
BRDA:37,8,1,0
BRDA:51,9,0,0
BRDA:51,9,1,1
BRF:20
BRH:12
end_of_record
